<?xml version="1.0" encoding="utf-8"?><testsuites name="pytest tests"><testsuite name="pytest" errors="0" failures="0" skipped="0" tests="25" time="6.089" timestamp="2026-08-11T09:16:10.642109+05:30" hostname="Vikass-MacBook-Pro.local"><testcase classname="tests.test_corporate_action_boundaries" name="test_boundary_classification_preserves_missing_side_semantics" time="0.000" /><testcase classname="tests.test_corporate_action_boundaries" name="test_boundary_classification_checks_holder_value_continuity" time="0.000" /><testcase classname="tests.test_corporate_action_boundaries" name="test_preference_share_bonus_is_not_common_equity_bonus" time="0.000" /><testcase classname="tests.test_corporate_action_boundaries" name="test_face_value_transition_accepts_plain_slash_notation" time="0.000" /><testcase classname="tests.test_model_arena_handoff" name="test_model_arena_handoff_reads_profile_history_liquidity_and_execution_prices" time="5.024" /><testcase classname="tests.test_multi_era_source_fixture" name="test_real_nse_source_eras_build_to_liquidity_and_adjusted_prices" time="0.861" /><testcase classname="tests.test_pit_contract" name="test_symbol_rename_is_date_sensitive" time="0.000" /><testcase classname="tests.test_pit_contract" name="test_effective_company_and_isin_histories_are_date_sensitive" time="0.000" /><testcase classname="tests.test_pit_contract" name="test_approved_manual_override_is_explicitly_applied" time="0.000" /><testcase classname="tests.test_pit_contract" name="test_date_free_ambiguity_is_rejected" time="0.000" /><testcase classname="tests.test_pit_contract" name="test_future_listing_cannot_enter_past_universe" time="0.000" /><testcase classname="tests.test_pit_contract" name="test_active_snapshot_labels_no_trade_without_removing_the_row" time="0.000" /><testcase classname="tests.test_pit_contract" name="test_status_lookup_is_effective_dated" time="0.000" /><testcase classname="tests.test_pit_contract" name="test_suspension_effective_date_accepts_legacy_spacing" time="0.001" /><testcase classname="tests.test_pit_contract" name="test_observation_status_distinguishes_session_and_security_states" time="0.000" /><testcase classname="tests.test_pit_contract" name="test_strict_platform_rejects_out_of_range_dates" time="0.000" /><testcase classname="tests.test_pit_contract" name="test_raw_and_adjusted_history_are_separate" time="0.000" /><testcase classname="tests.test_pit_contract" name="test_adjusted_history_series_is_explicit" time="0.000" /><testcase classname="tests.test_pit_contract" name="test_symbol_reuse_with_isin_creates_separate_discovery_records" time="0.000" /><testcase classname="tests.test_pit_contract" name="test_explicit_etf_markers_are_not_ordinary_equity" time="0.000" /><testcase classname="tests.test_pit_contract" name="test_terminal_recovery_scenarios_do_not_create_canonical_value" time="0.000" /><testcase classname="tests.test_pit_contract" name="test_terminal_event_queue_accepts_downstream_holdings" time="0.000" /><testcase classname="tests.test_pit_contract" name="test_optional_positive_volume_filter_is_downstream_only" time="0.000" /><testcase classname="tests.test_pit_contract" name="test_calendar_returns_only_official_sessions" time="0.000" /><testcase classname="tests.test_session_liquidity_contract" name="test_official_session_window_counts_absent_rows" time="0.089" /></testsuite></testsuites>