<?xml version="1.0" encoding="utf-8"?><testsuites name="pytest tests"><testsuite name="pytest" errors="0" failures="0" skipped="0" tests="111" time="8.918" timestamp="2026-08-12T08:50:47.582073+05:30" hostname="Vikass-MacBook-Pro.local"><testcase classname="tests.test_candidate_promotion_audits" name="test_candidate_promotion_audit_emits_all_configured_candidates" time="0.258" /><testcase classname="tests.test_corporate_action_boundaries" name="test_boundary_classification_preserves_missing_side_semantics" time="0.000" /><testcase classname="tests.test_corporate_action_boundaries" name="test_boundary_classification_checks_holder_value_continuity" time="0.000" /><testcase classname="tests.test_corporate_action_boundaries" name="test_ex_date_boundary_uses_opening_price_semantics" time="0.000" /><testcase classname="tests.test_corporate_action_boundaries" name="test_preference_share_bonus_is_not_common_equity_bonus" time="0.000" /><testcase classname="tests.test_corporate_action_boundaries" name="test_bonus_abbreviation_overrides_dividend_text" time="0.000" /><testcase classname="tests.test_corporate_action_boundaries" name="test_face_value_transition_accepts_plain_slash_notation" time="0.000" /><testcase classname="tests.test_corporate_action_boundaries" name="test_face_value_transition_accepts_abbreviated_split_notation" time="0.000" /><testcase classname="tests.test_corporate_action_boundaries" name="test_face_value_transition_accepts_fv_spl_abbreviation" time="0.000" /><testcase classname="tests.test_corporate_action_boundaries" name="test_bonus_rights_composite_requires_factor_review" time="0.000" /><testcase classname="tests.test_corporate_action_boundaries" name="test_plain_bonus_does_not_require_rights_review" time="0.000" /><testcase classname="tests.test_corporate_action_boundaries" name="test_lakshvilas_composite_rights_factor_is_cash_aware" time="0.000" /><testcase classname="tests.test_corporate_action_boundaries" name="test_kwality_selective_bonus_uses_aggregate_dilution_not_nominal_ratio" time="0.000" /><testcase classname="tests.test_corporate_action_boundaries" name="test_large_move_boundary_remains_distinct_before_review_layer" time="0.000" /><testcase classname="tests.test_model_arena_handoff" name="test_model_arena_handoff_reads_profile_history_liquidity_and_execution_prices" time="5.450" /><testcase classname="tests.test_model_arena_handoff" name="test_model_arena_handoff_reads_earliest_promoted_pre2013_interval" time="0.454" /><testcase classname="tests.test_multi_era_source_fixture" name="test_real_nse_source_eras_build_to_liquidity_and_adjusted_prices" time="0.861" /><testcase classname="tests.test_partitioned_release_artifacts" name="test_partitioned_release_artifacts_preserve_rows" time="0.330" /><testcase classname="tests.test_partitioned_release_artifacts" name="test_partition_summary_requires_all_large_release_artifacts" time="0.001" /><testcase classname="tests.test_partitioned_release_artifacts" name="test_junit_summary_detects_handoff_test_without_package_prefix" time="0.001" /><testcase classname="tests.test_partitioned_release_artifacts" name="test_source_coverage_summary_requires_pass_gate" time="0.000" /><testcase classname="tests.test_partitioned_release_artifacts" name="test_raw_integrity_summary_requires_pass_gate" time="0.000" /><testcase classname="tests.test_pit_contract" name="test_symbol_rename_is_date_sensitive" time="0.000" /><testcase classname="tests.test_pit_contract" name="test_effective_company_and_isin_histories_are_date_sensitive" time="0.000" /><testcase classname="tests.test_pit_contract" name="test_source_start_identity_rows_are_left_censored_not_ipos" time="0.000" /><testcase classname="tests.test_pit_contract" name="test_approved_manual_override_is_explicitly_applied" time="0.000" /><testcase classname="tests.test_pit_contract" name="test_adjacent_manual_overrides_are_allowed" time="0.009" /><testcase classname="tests.test_pit_contract" name="test_overlapping_manual_overrides_are_rejected" time="0.001" /><testcase classname="tests.test_pit_contract" name="test_date_free_ambiguity_is_rejected" time="0.000" /><testcase classname="tests.test_pit_contract" name="test_future_listing_cannot_enter_past_universe" time="0.000" /><testcase classname="tests.test_pit_contract" name="test_active_snapshot_labels_no_trade_without_removing_the_row" time="0.000" /><testcase classname="tests.test_pit_contract" name="test_status_lookup_is_effective_dated" time="0.000" /><testcase classname="tests.test_pit_contract" name="test_suspension_effective_date_accepts_legacy_spacing" time="0.001" /><testcase classname="tests.test_pit_contract" name="test_observation_status_distinguishes_session_and_security_states" time="0.000" /><testcase classname="tests.test_pit_contract" name="test_strict_platform_rejects_out_of_range_dates" time="0.000" /><testcase classname="tests.test_pit_contract" name="test_platform_research_quality_is_interval_aware" time="0.000" /><testcase classname="tests.test_pit_contract" name="test_platform_feature_readiness_uses_prior_official_sessions" time="0.000" /><testcase classname="tests.test_pit_contract" name="test_platform_exposes_manifest_warmup_boundaries" time="0.000" /><testcase classname="tests.test_pit_contract" name="test_platform_exposes_candidate_promotion_decisions" time="0.000" /><testcase classname="tests.test_pit_contract" name="test_platform_exposes_candidate_gate_pass_start_dates" time="0.000" /><testcase classname="tests.test_pit_contract" name="test_platform_exposes_machine_readable_candidate_promotion_contract" time="0.000" /><testcase classname="tests.test_pit_contract" name="test_candidate_promotion_summary_matches_published_field_contract" time="0.000" /><testcase classname="tests.test_pit_contract" name="test_candidate_readiness_cli_prints_candidate_start_status" time="0.001" /><testcase classname="tests.test_pit_contract" name="test_candidate_readiness_cli_prints_candidate_summary" time="0.000" /><testcase classname="tests.test_pit_contract" name="test_candidate_promotion_loader_rejects_duplicate_candidate_starts" time="0.000" /><testcase classname="tests.test_pit_contract" name="test_candidate_promotion_loader_rejects_partial_candidate_start_sets" time="0.000" /><testcase classname="tests.test_pit_contract" name="test_candidate_promotion_loader_returns_configured_candidate_order" time="0.000" /><testcase classname="tests.test_pit_contract" name="test_candidate_promotion_loader_rejects_invalid_candidate_values" time="0.000" /><testcase classname="tests.test_pit_contract" name="test_candidate_promotion_loader_rejects_extra_hard_failure_keys" time="0.000" /><testcase classname="tests.test_pit_contract" name="test_candidate_promotion_loader_rejects_audit_status_hard_failure_contradictions" time="0.000" /><testcase classname="tests.test_pit_contract" name="test_candidate_promotion_loader_rejects_gate_pass_interpretation_contradictions" time="0.000" /><testcase classname="tests.test_pit_contract" name="test_candidate_promotion_loader_validates_earliest_candidate_gate_pass_start" time="0.000" /><testcase classname="tests.test_pit_contract" name="test_strict_platform_uses_research_verified_range_for_release" time="0.002" /><testcase classname="tests.test_pit_contract" name="test_release_loader_rejects_pre_warmup_feature_model_data_manifest_research_interval" time="0.001" /><testcase classname="tests.test_pit_contract" name="test_release_loader_allows_pre_warmup_pit_universe_data_manifest_interval" time="0.001" /><testcase classname="tests.test_pit_contract" name="test_release_loader_rejects_research_quality_start_without_matching_interval" time="0.001" /><testcase classname="tests.test_pit_contract" name="test_release_loader_rejects_research_quality_start_backed_only_by_wrong_scope" time="0.001" /><testcase classname="tests.test_pit_contract" name="test_release_loader_rejects_pre_warmup_feature_model_research_manifest_research_interval" time="0.001" /><testcase classname="tests.test_pit_contract" name="test_release_loader_rejects_pre_refined_boundary_data_manifest_research_interval" time="0.001" /><testcase classname="tests.test_pit_contract" name="test_release_loader_rejects_pre_refined_boundary_research_manifest_research_interval" time="0.001" /><testcase classname="tests.test_pit_contract" name="test_release_loader_preserves_data_manifest_candidate_state_when_research_manifest_omits_candidate_fields" time="0.002" /><testcase classname="tests.test_pit_contract" name="test_release_loader_requires_earliest_candidate_when_research_manifest_overrides_candidate_decisions" time="0.001" /><testcase classname="tests.test_pit_contract" name="test_release_loader_requires_candidate_decisions_when_research_manifest_overrides_earliest_candidate" time="0.001" /><testcase classname="tests.test_pit_contract" name="test_release_loader_requires_earliest_candidate_when_data_manifest_publishes_candidate_decisions" time="0.000" /><testcase classname="tests.test_pit_contract" name="test_release_loader_requires_candidate_decisions_when_data_manifest_publishes_earliest_candidate" time="0.000" /><testcase classname="tests.test_pit_contract" name="test_release_loader_requires_refined_boundary_when_data_manifest_candidate_rows_publish_refined_snapshots" time="0.001" /><testcase classname="tests.test_pit_contract" name="test_release_loader_requires_refined_boundary_when_research_manifest_candidate_rows_publish_refined_snapshots" time="0.001" /><testcase classname="tests.test_pit_contract" name="test_release_loader_validates_candidate_interval_recommendations" time="0.001" /><testcase classname="tests.test_pit_contract" name="test_research_manifest_contract_requires_scoped_downstream_policy" time="0.004" /><testcase classname="tests.test_pit_contract" name="test_data_manifest_contract_requires_release_provenance" time="0.000" /><testcase classname="tests.test_pit_contract" name="test_invariant_validation_summary_reports_nonzero_metrics_as_failures" time="0.000" /><testcase classname="tests.test_pit_contract" name="test_candidate_promotion_audit_summary_requires_warmup_evidence" time="0.000" /><testcase classname="tests.test_pit_contract" name="test_candidate_manifest_decisions_match_candidate_audit_report" time="0.000" /><testcase classname="tests.test_pit_contract" name="test_raw_and_adjusted_history_are_separate" time="0.000" /><testcase classname="tests.test_pit_contract" name="test_adjusted_history_series_is_explicit" time="0.000" /><testcase classname="tests.test_pit_contract" name="test_symbol_reuse_with_isin_creates_separate_discovery_records" time="0.000" /><testcase classname="tests.test_pit_contract" name="test_explicit_etf_markers_are_not_ordinary_equity" time="0.000" /><testcase classname="tests.test_pit_contract" name="test_terminal_recovery_scenarios_do_not_create_canonical_value" time="0.000" /><testcase classname="tests.test_pit_contract" name="test_terminal_event_queue_accepts_downstream_holdings" time="0.000" /><testcase classname="tests.test_pit_contract" name="test_platform_terminal_event_queue_accepts_downstream_holdings" time="0.000" /><testcase classname="tests.test_pit_contract" name="test_optional_positive_volume_filter_is_downstream_only" time="0.000" /><testcase classname="tests.test_pit_contract" name="test_positive_volume_filter_uses_session_correct_feature_when_present" time="0.000" /><testcase classname="tests.test_pit_contract" name="test_profile_on_adds_downstream_audit_metadata" time="0.000" /><testcase classname="tests.test_pit_contract" name="test_profile_on_executes_liquid_v1_when_materialized_flag_is_absent" time="0.000" /><testcase classname="tests.test_pit_contract" name="test_profile_on_fails_closed_when_identity_or_status_fields_are_missing" time="0.000" /><testcase classname="tests.test_pit_contract" name="test_ranked_liquid_on_excludes_non_ordinary_or_non_active_status" time="0.000" /><testcase classname="tests.test_pit_contract" name="test_parquet_ranked_liquid_on_excludes_non_ordinary_or_non_active_status" time="0.002" /><testcase classname="tests.test_pit_contract" name="test_parquet_profile_on_executes_liquid_v1_when_materialized_flag_is_absent" time="0.003" /><testcase classname="tests.test_pit_contract" name="test_parquet_profile_on_reads_date_typed_monthly_snapshot" time="0.001" /><testcase classname="tests.test_pit_contract" name="test_calendar_returns_only_official_sessions" time="0.000" /><testcase classname="tests.test_release_manifest_hashes" name="test_manifest_hash_validator_accepts_matching_artifact" time="0.001" /><testcase classname="tests.test_release_manifest_hashes" name="test_manifest_hash_validator_rejects_modified_artifact" time="0.001" /><testcase classname="tests.test_release_manifest_hashes" name="test_publish_preserves_list_valued_unresolved_candidates" time="0.001" /><testcase classname="tests.test_research_report_manifest" name="test_published_research_quality_bounds_uses_earliest_backed_rhc_interval" time="0.000" /><testcase classname="tests.test_research_report_manifest" name="test_published_research_quality_bounds_ignores_unscoped_candidate_evidence" time="0.000" /><testcase classname="tests.test_research_report_manifest" name="test_published_research_monthly_snapshot_start_follows_backed_scalar_interval" time="0.000" /><testcase classname="tests.test_session_liquidity_contract" name="test_official_session_window_counts_absent_rows" time="0.084" /><testcase classname="tests.test_validate_research_release" name="test_research_release_validator_fails_when_required_artifact_misses_monthly_required_security" time="0.090" /><testcase classname="tests.test_validate_research_release" name="test_research_release_validator_accepts_matching_required_artifact" time="0.089" /><testcase classname="tests.test_validate_research_release" name="test_research_release_validator_fails_when_required_artifact_has_extra_security" time="0.089" /><testcase classname="tests.test_validate_research_release" name="test_research_release_validator_fails_when_required_artifact_flags_mismatch_monthly_scope" time="0.092" /><testcase classname="tests.test_validate_research_release" name="test_research_release_validator_fails_when_required_artifact_date_range_mismatches_monthly_scope" time="0.090" /><testcase classname="tests.test_validate_research_release" name="test_research_release_validator_fails_when_required_artifact_identity_quality_is_not_research_ok" time="0.090" /><testcase classname="tests.test_validate_research_release" name="test_research_release_validator_fails_when_required_artifact_price_adjustment_is_not_ok" time="0.090" /><testcase classname="tests.test_validate_research_release" name="test_research_release_validator_fails_when_required_artifact_status_is_not_active" time="0.095" /><testcase classname="tests.test_validate_research_release" name="test_research_release_validator_fails_when_required_artifact_instrument_classification_is_unresolved" time="0.092" /><testcase classname="tests.test_validate_research_release" name="test_research_release_validator_fails_when_required_artifact_rank_evidence_mismatches_monthly_scope" time="0.092" /><testcase classname="tests.test_validate_research_release" name="test_research_release_validator_fails_when_required_artifact_liquidity_evidence_mismatches_monthly_scope" time="0.092" /><testcase classname="tests.test_validate_research_release" name="test_research_release_validator_fails_when_monthly_snapshot_start_is_wrong" time="0.096" /><testcase classname="tests.test_validate_research_release" name="test_research_release_validator_fails_for_rows_before_research_start" time="0.096" /><testcase classname="tests.test_validate_research_release" name="test_research_release_validator_fails_when_snapshot_is_not_month_final_session" time="0.096" /></testsuite></testsuites>